Traceback (most recent call last):
  File "/opt/conda/lib/python3.10/site-packages/jupyter_cache/executors/utils.py", line 51, in single_nb_execution
    executenb(
  File "/opt/conda/lib/python3.10/site-packages/nbclient/client.py", line 1204, in execute
    return NotebookClient(nb=nb, resources=resources, km=km, **kwargs).execute()
  File "/opt/conda/lib/python3.10/site-packages/nbclient/util.py", line 84, in wrapped
    return just_run(coro(*args, **kwargs))
  File "/opt/conda/lib/python3.10/site-packages/nbclient/util.py", line 62, in just_run
    return loop.run_until_complete(coro)
  File "/opt/conda/lib/python3.10/asyncio/base_events.py", line 646, in run_until_complete
    return future.result()
  File "/opt/conda/lib/python3.10/site-packages/nbclient/client.py", line 663, in async_execute
    await self.async_execute_cell(
  File "/opt/conda/lib/python3.10/site-packages/nbclient/client.py", line 965, in async_execute_cell
    await self._check_raise_for_error(cell, cell_index, exec_reply)
  File "/opt/conda/lib/python3.10/site-packages/nbclient/client.py", line 862, in _check_raise_for_error
    raise CellExecutionError.from_cell_and_msg(cell, exec_reply_content)
nbclient.exceptions.CellExecutionError: An error occurred while executing the following cell:
------------------
# This cell is removed in the html, but displays the code listing in the Jupyter notebook. 
file = appdir + "/run_tests.sh"
text_file = open(file, "r")
data = text_file.read()
data = numberLines(data)
text_file.close()                                                                                             
md_text = '''                                                                                                                        
``` ''' + "sh" + '''                                                                                                                     
''' + data + '''                                                                                                                         
```                                                                                                                                      
'''
display (Markdown(md_text))
#display (Markdown('<font size=".5rem">' + md_text +'</font>'))
------------------

[0;31m---------------------------------------------------------------------------[0m
[0;31mNameError[0m                                 Traceback (most recent call last)
Input [0;32mIn [1][0m, in [0;36m<cell line: 2>[0;34m()[0m
[1;32m      1[0m [38;5;66;03m# This cell is removed in the html, but displays the code listing in the Jupyter notebook. [39;00m
[0;32m----> 2[0m file [38;5;241m=[39m [43mappdir[49m [38;5;241m+[39m [38;5;124m"[39m[38;5;124m/run_tests.sh[39m[38;5;124m"[39m
[1;32m      3[0m text_file [38;5;241m=[39m [38;5;28mopen[39m(file, [38;5;124m"[39m[38;5;124mr[39m[38;5;124m"[39m)
[1;32m      4[0m data [38;5;241m=[39m text_file[38;5;241m.[39mread()

[0;31mNameError[0m: name 'appdir' is not defined
NameError: name 'appdir' is not defined

